app/build/intermediates/manifest_merge_blame_file/debug/manifest-merger-blame-debug-report.txt
1<?xml version="1.0" encoding="utf-8"?>
2<manifest xmlns:android="http://schemas.android.com/apk/res/android"
3    package="com.example.apnea"
4    android:versionCode="1"
5    android:versionName="1.0" >
6
7    <uses-sdk
8        android:minSdkVersion="21"
9        android:targetSdkVersion="34" />
10    <!-- Essenzielle Berechtigungen -->
11    <uses-permission android:name="android.permission.RECORD_AUDIO" />
11-->src/main/AndroidManifest.xml:3:5-71
11-->src/main/AndroidManifest.xml:3:22-68
12    <uses-permission android:name="android.permission.FOREGROUND_SERVICE" />
12-->src/main/AndroidManifest.xml:4:5-77
12-->src/main/AndroidManifest.xml:4:22-74
13    <uses-permission android:name="android.permission.FOREGROUND_SERVICE_MICROPHONE" />
13-->src/main/AndroidManifest.xml:5:5-88
13-->src/main/AndroidManifest.xml:5:22-85
14    <uses-permission android:name="android.permission.WAKE_LOCK" />
14-->src/main/AndroidManifest.xml:6:5-68
14-->src/main/AndroidManifest.xml:6:22-65
15    <uses-permission android:name="android.permission.ACCESS_NOTIFICATION_POLICY" />
15-->src/main/AndroidManifest.xml:7:5-85
15-->src/main/AndroidManifest.xml:7:22-82
16
17    <permission
17-->[androidx.core:core:1.10.1] AndroidManifest.xml:22:5-24:47
18        android:name="com.example.apnea.DYNAMIC_RECEIVER_NOT_EXPORTED_PERMISSION"
18-->[androidx.core:core:1.10.1] AndroidManifest.xml:23:9-81
19        android:protectionLevel="signature" />
19-->[androidx.core:core:1.10.1] AndroidManifest.xml:24:9-44
20
21    <uses-permission android:name="com.example.apnea.DYNAMIC_RECEIVER_NOT_EXPORTED_PERMISSION" />
21-->[androidx.core:core:1.10.1] AndroidManifest.xml:26:5-97
21-->[androidx.core:core:1.10.1] AndroidManifest.xml:26:22-94
22
23    <application
23-->src/main/AndroidManifest.xml:9:5-20:19
24        android:appComponentFactory="androidx.core.app.CoreComponentFactory"
24-->[androidx.core:core:1.10.1] AndroidManifest.xml:28:18-86
25        android:debuggable="true"
26        android:extractNativeLibs="true"
27        android:label="Apnoe Edge AI"
27-->src/main/AndroidManifest.xml:9:18-47
28        android:theme="@style/Theme.ApneaApp" >
28-->src/main/AndroidManifest.xml:9:48-85
29        <service
29-->src/main/AndroidManifest.xml:10:9-12:44
30            android:name="com.example.apnea.ApneaMonitoringService"
30-->src/main/AndroidManifest.xml:10:18-56
31            android:exported="true"
31-->src/main/AndroidManifest.xml:12:18-41
32            android:foregroundServiceType="microphone" />
32-->src/main/AndroidManifest.xml:11:18-60
33
34        <activity
34-->src/main/AndroidManifest.xml:13:9-18:20
35            android:name="com.example.apnea.MainActivity"
35-->src/main/AndroidManifest.xml:13:19-47
36            android:exported="true" >
36-->src/main/AndroidManifest.xml:13:48-71
37            <intent-filter>
37-->src/main/AndroidManifest.xml:14:13-17:29
38                <action android:name="android.intent.action.MAIN" />
38-->src/main/AndroidManifest.xml:15:17-69
38-->src/main/AndroidManifest.xml:15:25-66
39
40                <category android:name="android.intent.category.LAUNCHER" />
40-->src/main/AndroidManifest.xml:16:17-77
40-->src/main/AndroidManifest.xml:16:27-74
41            </intent-filter>
42        </activity>
43        <activity
43-->src/main/AndroidManifest.xml:19:9-79
44            android:name="com.example.apnea.AnalysisActivity"
44-->src/main/AndroidManifest.xml:19:19-51
45            android:exported="false" />
45-->src/main/AndroidManifest.xml:19:52-76
46
47        <provider
47-->[androidx.emoji2:emoji2:1.2.0] AndroidManifest.xml:24:9-32:20
48            android:name="androidx.startup.InitializationProvider"
48-->[androidx.emoji2:emoji2:1.2.0] AndroidManifest.xml:25:13-67
49            android:authorities="com.example.apnea.androidx-startup"
49-->[androidx.emoji2:emoji2:1.2.0] AndroidManifest.xml:26:13-68
50            android:exported="false" >
50-->[androidx.emoji2:emoji2:1.2.0] AndroidManifest.xml:27:13-37
51            <meta-data
51-->[androidx.emoji2:emoji2:1.2.0] AndroidManifest.xml:29:13-31:52
52                android:name="androidx.emoji2.text.EmojiCompatInitializer"
52-->[androidx.emoji2:emoji2:1.2.0] AndroidManifest.xml:30:17-75
53                android:value="androidx.startup" />
53-->[androidx.emoji2:emoji2:1.2.0] AndroidManifest.xml:31:17-49
54            <meta-data
54-->[androidx.lifecycle:lifecycle-process:2.4.1] AndroidManifest.xml:31:13-33:52
55                android:name="androidx.lifecycle.ProcessLifecycleInitializer"
55-->[androidx.lifecycle:lifecycle-process:2.4.1] AndroidManifest.xml:32:17-78
56                android:value="androidx.startup" />
56-->[androidx.lifecycle:lifecycle-process:2.4.1] AndroidManifest.xml:33:17-49
57        </provider>
58    </application>
59
60</manifest>